d:\users\desktop\tareas u\gráfica\proyecto\practica1\practica1\debug\vc141.pdb
d:\users\desktop\tareas u\gráfica\proyecto\practica1\practica1\debug\vc141.idb
d:\users\desktop\tareas u\gráfica\proyecto\practica1\practica1\debug\window.obj
d:\users\desktop\tareas u\gráfica\proyecto\practica1\practica1\debug\texture.obj
d:\users\desktop\tareas u\gráfica\proyecto\practica1\practica1\debug\spotlight.obj
d:\users\desktop\tareas u\gráfica\proyecto\practica1\practica1\debug\sphere.obj
d:\users\desktop\tareas u\gráfica\proyecto\practica1\practica1\debug\sonido.obj
d:\users\desktop\tareas u\gráfica\proyecto\practica1\practica1\debug\skybox.obj
d:\users\desktop\tareas u\gráfica\proyecto\practica1\practica1\debug\shader_light.obj
d:\users\desktop\tareas u\gráfica\proyecto\practica1\practica1\debug\practica12.obj
d:\users\desktop\tareas u\gráfica\proyecto\practica1\practica1\debug\pointlight.obj
d:\users\desktop\tareas u\gráfica\proyecto\practica1\practica1\debug\movimiento.obj
d:\users\desktop\tareas u\gráfica\proyecto\practica1\practica1\debug\model.obj
d:\users\desktop\tareas u\gráfica\proyecto\practica1\practica1\debug\mesh_tn.obj
d:\users\desktop\tareas u\gráfica\proyecto\practica1\practica1\debug\material.obj
d:\users\desktop\tareas u\gráfica\proyecto\practica1\practica1\debug\luminaria.obj
d:\users\desktop\tareas u\gráfica\proyecto\practica1\practica1\debug\light.obj
d:\users\desktop\tareas u\gráfica\proyecto\practica1\practica1\debug\directionallight.obj
d:\users\desktop\tareas u\gráfica\proyecto\practica1\practica1\debug\camera.obj
d:\users\desktop\tareas u\gráfica\proyecto\practica1\practica1\debug\animacionkf.obj
d:\users\desktop\tareas u\gráfica\proyecto\practica1\debug\practica1.ilk
d:\users\desktop\tareas u\gráfica\proyecto\practica1\debug\practica1.exe
d:\users\desktop\tareas u\gráfica\proyecto\practica1\debug\practica1.pdb
d:\users\desktop\tareas u\gráfica\proyecto\practica1\practica1\debug\practica1.tlog\cl.command.1.tlog
d:\users\desktop\tareas u\gráfica\proyecto\practica1\practica1\debug\practica1.tlog\cl.read.1.tlog
d:\users\desktop\tareas u\gráfica\proyecto\practica1\practica1\debug\practica1.tlog\cl.write.1.tlog
d:\users\desktop\tareas u\gráfica\proyecto\practica1\practica1\debug\practica1.tlog\link.command.1.tlog
d:\users\desktop\tareas u\gráfica\proyecto\practica1\practica1\debug\practica1.tlog\link.read.1.tlog
d:\users\desktop\tareas u\gráfica\proyecto\practica1\practica1\debug\practica1.tlog\link.write.1.tlog
