C:\Program Files (x86)\Microsoft Visual Studio\2017\Professional\Common7\IDE\VC\VCTargets\Microsoft.CppBuild.targets(391,5): warning MSB8028: El directorio intermedio (Release\) contiene archivos compartidos de otro proyecto (Practica1.vcxproj). Esto puede dar lugar a un comportamiento incorrecto de limpieza y recompilación.
  AnimacionKF.cpp
d:\users\desktop\tareas u\gráfica\proyecto\proyecto\practica1\animacionkf.cpp(76): warning C4474: "printf": se pasaron demasiados argumentos para la cadena de formato
  d:\users\desktop\tareas u\gráfica\proyecto\proyecto\practica1\animacionkf.cpp(76): note: los marcadores de posición y sus parámetros esperan 4 argumentos variádicos, pero se proporcionaron 6
  Camera.cpp
  DirectionalLight.cpp
d:\users\desktop\tareas u\gráfica\proyecto\proyecto\practica1\directionallight.cpp(18): warning C4244: 'argumento': conversión de 'GLfloat' a 'GLint'; posible pérdida de datos
d:\users\desktop\tareas u\gráfica\proyecto\proyecto\practica1\directionallight.cpp(19): warning C4244: 'argumento': conversión de 'GLfloat' a 'GLint'; posible pérdida de datos
d:\users\desktop\tareas u\gráfica\proyecto\proyecto\practica1\directionallight.cpp(21): warning C4244: 'argumento': conversión de 'GLfloat' a 'GLint'; posible pérdida de datos
d:\users\desktop\tareas u\gráfica\proyecto\proyecto\practica1\directionallight.cpp(22): warning C4244: 'argumento': conversión de 'GLfloat' a 'GLint'; posible pérdida de datos
  Light.cpp
  Luminaria.cpp
  Material.cpp
  Mesh_tn.cpp
  Model.cpp
d:\users\desktop\tareas u\gráfica\proyecto\proyecto\practica1\model.cpp(15): warning C4477: 'printf' : la cadena de formato '%s' requiere un argumento de tipo 'char *', pero el argumento variádico 1 tiene el tipo 'const std::string'
d:\users\desktop\tareas u\gráfica\proyecto\proyecto\practica1\model.cpp(15): warning C4474: "printf": se pasaron demasiados argumentos para la cadena de formato
  d:\users\desktop\tareas u\gráfica\proyecto\proyecto\practica1\model.cpp(15): note: los marcadores de posición y sus parámetros esperan 1 argumentos variádicos, pero se proporcionaron 2
d:\users\desktop\tareas u\gráfica\proyecto\proyecto\practica1\model.cpp(50): warning C4804: '<': uso no seguro del tipo 'bool' en la operación
d:\users\desktop\tareas u\gráfica\proyecto\proyecto\practica1\model.cpp(50): warning C4018: '<': no coinciden signed/unsigned
d:\users\desktop\tareas u\gráfica\proyecto\proyecto\practica1\model.cpp(137): warning C4477: 'printf' : la cadena de formato '%s' requiere un argumento de tipo 'char *', pero el argumento variádico 1 tiene el tipo 'std::string'
d:\users\desktop\tareas u\gráfica\proyecto\proyecto\practica1\model.cpp(146): warning C4477: 'printf' : la cadena de formato '%s' requiere un argumento de tipo 'char *', pero el argumento variádico 1 tiene el tipo 'std::string'
  Movimiento.cpp
d:\users\desktop\tareas u\gráfica\proyecto\proyecto\practica1\movimiento.cpp(61): warning C4244: '+=': conversión de 'double' a 'float'; posible pérdida de datos
d:\users\desktop\tareas u\gráfica\proyecto\proyecto\practica1\movimiento.cpp(73): warning C4244: '+=': conversión de 'double' a 'float'; posible pérdida de datos
d:\users\desktop\tareas u\gráfica\proyecto\proyecto\practica1\movimiento.cpp(86): warning C4244: '-=': conversión de 'double' a 'float'; posible pérdida de datos
d:\users\desktop\tareas u\gráfica\proyecto\proyecto\practica1\movimiento.cpp(100): warning C4244: '-=': conversión de 'double' a 'float'; posible pérdida de datos
d:\users\desktop\tareas u\gráfica\proyecto\proyecto\practica1\movimiento.cpp(111): warning C4244: '+=': conversión de 'double' a 'float'; posible pérdida de datos
d:\users\desktop\tareas u\gráfica\proyecto\proyecto\practica1\movimiento.cpp(147): warning C4244: '=': conversión de 'double' a 'int'; posible pérdida de datos
d:\users\desktop\tareas u\gráfica\proyecto\proyecto\practica1\movimiento.cpp(148): warning C4244: '=': conversión de 'double' a 'float'; posible pérdida de datos
d:\users\desktop\tareas u\gráfica\proyecto\proyecto\practica1\movimiento.cpp(161): warning C4244: '=': conversión de 'double' a 'int'; posible pérdida de datos
d:\users\desktop\tareas u\gráfica\proyecto\proyecto\practica1\movimiento.cpp(162): warning C4244: '=': conversión de 'double' a 'float'; posible pérdida de datos
d:\users\desktop\tareas u\gráfica\proyecto\proyecto\practica1\movimiento.cpp(177): warning C4244: '=': conversión de 'double' a 'int'; posible pérdida de datos
d:\users\desktop\tareas u\gráfica\proyecto\proyecto\practica1\movimiento.cpp(178): warning C4244: '=': conversión de 'double' a 'float'; posible pérdida de datos
d:\users\desktop\tareas u\gráfica\proyecto\proyecto\practica1\movimiento.cpp(190): warning C4244: '=': conversión de 'double' a 'int'; posible pérdida de datos
d:\users\desktop\tareas u\gráfica\proyecto\proyecto\practica1\movimiento.cpp(191): warning C4244: '=': conversión de 'double' a 'float'; posible pérdida de datos
d:\users\desktop\tareas u\gráfica\proyecto\proyecto\practica1\movimiento.cpp(207): warning C4305: '*=': truncamiento de 'double' a 'float'
d:\users\desktop\tareas u\gráfica\proyecto\proyecto\practica1\movimiento.cpp(211): warning C4244: '+=': conversión de 'double' a 'float'; posible pérdida de datos
d:\users\desktop\tareas u\gráfica\proyecto\proyecto\practica1\movimiento.cpp(233): warning C4244: '-=': conversión de 'double' a 'float'; posible pérdida de datos
d:\users\desktop\tareas u\gráfica\proyecto\proyecto\practica1\movimiento.cpp(234): warning C4244: '-=': conversión de 'double' a 'float'; posible pérdida de datos
d:\users\desktop\tareas u\gráfica\proyecto\proyecto\practica1\movimiento.cpp(244): warning C4244: '-=': conversión de 'double' a 'float'; posible pérdida de datos
d:\users\desktop\tareas u\gráfica\proyecto\proyecto\practica1\movimiento.cpp(245): warning C4244: '+=': conversión de 'double' a 'float'; posible pérdida de datos
d:\users\desktop\tareas u\gráfica\proyecto\proyecto\practica1\movimiento.cpp(287): warning C4244: '+=': conversión de 'double' a 'float'; posible pérdida de datos
d:\users\desktop\tareas u\gráfica\proyecto\proyecto\practica1\movimiento.cpp(289): warning C4244: '+=': conversión de 'double' a 'float'; posible pérdida de datos
d:\users\desktop\tareas u\gráfica\proyecto\proyecto\practica1\movimiento.cpp(300): warning C4244: 'inicializando': conversión de 'double' a 'float'; posible pérdida de datos
d:\users\desktop\tareas u\gráfica\proyecto\proyecto\practica1\movimiento.cpp(311): warning C4244: '+=': conversión de 'double' a 'float'; posible pérdida de datos
d:\users\desktop\tareas u\gráfica\proyecto\proyecto\practica1\movimiento.cpp(313): warning C4244: '+=': conversión de 'double' a 'float'; posible pérdida de datos
d:\users\desktop\tareas u\gráfica\proyecto\proyecto\practica1\movimiento.cpp(332): warning C4244: 'return': conversión de 'int' a 'float'; posible pérdida de datos
d:\users\desktop\tareas u\gráfica\proyecto\proyecto\practica1\movimiento.cpp(338): warning C4244: 'inicializando': conversión de 'double' a 'GLfloat'; posible pérdida de datos
d:\users\desktop\tareas u\gráfica\proyecto\proyecto\practica1\movimiento.cpp(341): warning C4244: '+=': conversión de 'double' a 'float'; posible pérdida de datos
  PointLight.cpp
d:\users\desktop\tareas u\gráfica\proyecto\proyecto\practica1\pointlight.cpp(28): warning C4244: 'argumento': conversión de 'GLfloat' a 'GLint'; posible pérdida de datos
d:\users\desktop\tareas u\gráfica\proyecto\proyecto\practica1\pointlight.cpp(29): warning C4244: 'argumento': conversión de 'GLfloat' a 'GLint'; posible pérdida de datos
d:\users\desktop\tareas u\gráfica\proyecto\proyecto\practica1\pointlight.cpp(30): warning C4244: 'argumento': conversión de 'GLfloat' a 'GLint'; posible pérdida de datos
d:\users\desktop\tareas u\gráfica\proyecto\proyecto\practica1\pointlight.cpp(32): warning C4244: 'argumento': conversión de 'GLfloat' a 'GLint'; posible pérdida de datos
d:\users\desktop\tareas u\gráfica\proyecto\proyecto\practica1\pointlight.cpp(33): warning C4244: 'argumento': conversión de 'GLfloat' a 'GLint'; posible pérdida de datos
d:\users\desktop\tareas u\gráfica\proyecto\proyecto\practica1\pointlight.cpp(34): warning C4244: 'argumento': conversión de 'GLfloat' a 'GLint'; posible pérdida de datos
d:\users\desktop\tareas u\gráfica\proyecto\proyecto\practica1\pointlight.cpp(35): warning C4244: 'argumento': conversión de 'GLfloat' a 'GLint'; posible pérdida de datos
  practica12.cpp
d:\users\desktop\tareas u\gráfica\proyecto\proyecto\practica1\window.h(12): warning C4244: 'return': conversión de 'GLint' a 'GLfloat'; posible pérdida de datos
d:\users\desktop\tareas u\gráfica\proyecto\proyecto\practica1\window.h(13): warning C4244: 'return': conversión de 'GLint' a 'GLfloat'; posible pérdida de datos
d:\users\desktop\tareas u\gráfica\proyecto\proyecto\practica1\practica12.cpp(529): warning C4244: 'argumento': conversión de 'float' a 'int'; posible pérdida de datos
  Shader_light.cpp
d:\users\desktop\tareas u\gráfica\proyecto\proyecto\practica1\shader_light.cpp(202): warning C4244: 'argumento': conversión de 'GLuint' a 'GLfloat'; posible pérdida de datos
d:\users\desktop\tareas u\gráfica\proyecto\proyecto\practica1\shader_light.cpp(201): warning C4244: 'argumento': conversión de 'GLuint' a 'GLfloat'; posible pérdida de datos
d:\users\desktop\tareas u\gráfica\proyecto\proyecto\practica1\shader_light.cpp(215): warning C4244: 'argumento': conversión de 'GLuint' a 'GLfloat'; posible pérdida de datos
d:\users\desktop\tareas u\gráfica\proyecto\proyecto\practica1\shader_light.cpp(214): warning C4244: 'argumento': conversión de 'GLuint' a 'GLfloat'; posible pérdida de datos
d:\users\desktop\tareas u\gráfica\proyecto\proyecto\practica1\shader_light.cpp(213): warning C4244: 'argumento': conversión de 'GLuint' a 'GLfloat'; posible pérdida de datos
  Skybox.cpp
  Sonido.cpp
  Sphere.cpp
d:\users\desktop\tareas u\gráfica\proyecto\proyecto\practica1\sphere.cpp(39): warning C4244: 'inicializando': conversión de 'double' a 'float'; posible pérdida de datos
d:\users\desktop\tareas u\gráfica\proyecto\proyecto\practica1\sphere.cpp(43): warning C4244: 'inicializando': conversión de 'double' a 'float'; posible pérdida de datos
  SpotLight.cpp
  Texture.cpp
  Window.cpp
d:\users\desktop\tareas u\gráfica\proyecto\proyecto\practica1\window.h(12): warning C4244: 'return': conversión de 'GLint' a 'GLfloat'; posible pérdida de datos
d:\users\desktop\tareas u\gráfica\proyecto\proyecto\practica1\window.h(13): warning C4244: 'return': conversión de 'GLint' a 'GLfloat'; posible pérdida de datos
d:\users\desktop\tareas u\gráfica\proyecto\proyecto\practica1\window.cpp(224): warning C4244: '=': conversión de 'double' a 'GLfloat'; posible pérdida de datos
d:\users\desktop\tareas u\gráfica\proyecto\proyecto\practica1\window.cpp(225): warning C4244: '=': conversión de 'double' a 'GLfloat'; posible pérdida de datos
d:\users\desktop\tareas u\gráfica\proyecto\proyecto\practica1\window.cpp(229): warning C4244: '=': conversión de 'double' a 'GLfloat'; posible pérdida de datos
d:\users\desktop\tareas u\gráfica\proyecto\proyecto\practica1\window.cpp(230): warning C4244: '=': conversión de 'double' a 'GLfloat'; posible pérdida de datos
d:\users\desktop\tareas u\gráfica\proyecto\proyecto\practica1\window.cpp(232): warning C4244: '=': conversión de 'double' a 'GLfloat'; posible pérdida de datos
d:\users\desktop\tareas u\gráfica\proyecto\proyecto\practica1\window.cpp(233): warning C4244: '=': conversión de 'double' a 'GLfloat'; posible pérdida de datos
  Generando código
d:\users\desktop\tareas u\gráfica\proyecto\proyecto\practica1\window.cpp(90): warning C4715: 'Window::Initialise': no todas las rutas de acceso de control devuelven un valor
  All 1253 functions were compiled because no usable IPDB/IOBJ from previous compilation was found.
  Generación de código finalizada
  Practica1.vcxproj -> D:\Users\Desktop\Tareas U\Gráfica\PROYECTO\Proyecto\Release\ProyectoCGIHC.exe
