d:\users\desktop\tareas u\gráfica\proyecto\practica1\practica1\debug\vc141.pdb
d:\users\desktop\tareas u\gráfica\proyecto\practica1\practica1\debug\vc141.idb
d:\users\desktop\tareas u\gráfica\proyecto\practica1\practica1\debug\window.obj
d:\users\desktop\tareas u\gráfica\proyecto\practica1\practica1\debug\texture.obj
d:\users\desktop\tareas u\gráfica\proyecto\practica1\practica1\debug\spotlight.obj
d:\users\desktop\tareas u\gráfica\proyecto\practica1\practica1\debug\sphere.obj
d:\users\desktop\tareas u\gráfica\proyecto\practica1\practica1\debug\skybox.obj
d:\users\desktop\tareas u\gráfica\proyecto\practica1\practica1\debug\shader_light.obj
d:\users\desktop\tareas u\gráfica\proyecto\practica1\practica1\debug\practica12.obj
d:\users\desktop\tareas u\gráfica\proyecto\practica1\practica1\debug\pointlight.obj
d:\users\desktop\tareas u\gráfica\proyecto\practica1\practica1\debug\model.obj
d:\users\desktop\tareas u\gráfica\proyecto\practica1\practica1\debug\mesh_tn.obj
d:\users\desktop\tareas u\gráfica\proyecto\practica1\practica1\debug\material.obj
d:\users\desktop\tareas u\gráfica\proyecto\practica1\practica1\debug\light.obj
d:\users\desktop\tareas u\gráfica\proyecto\practica1\practica1\debug\directionallight.obj
d:\users\desktop\tareas u\gráfica\proyecto\practica1\practica1\debug\camera.obj
d:\users\desktop\tareas u\gráfica\proyecto\practica1\debug\practica1.exe
d:\users\desktop\tareas u\gráfica\proyecto\practica1\debug\practica1.ilk
d:\users\desktop\tareas u\gráfica\proyecto\practica1\debug\practica1.pdb
c:\users\muser\documents\2020-2\gráfica\_proyecto final\proyecto-labgrafica\practica1\practica1\debug\camera.obj
c:\users\muser\documents\2020-2\gráfica\_proyecto final\proyecto-labgrafica\practica1\practica1\debug\directionallight.obj
c:\users\muser\documents\2020-2\gráfica\_proyecto final\proyecto-labgrafica\practica1\practica1\debug\light.obj
c:\users\muser\documents\2020-2\gráfica\_proyecto final\proyecto-labgrafica\practica1\practica1\debug\material.obj
c:\users\muser\documents\2020-2\gráfica\_proyecto final\proyecto-labgrafica\practica1\practica1\debug\mesh_tn.obj
c:\users\muser\documents\2020-2\gráfica\_proyecto final\proyecto-labgrafica\practica1\practica1\debug\model.obj
c:\users\muser\documents\2020-2\gráfica\_proyecto final\proyecto-labgrafica\practica1\practica1\debug\pointlight.obj
c:\users\muser\documents\2020-2\gráfica\_proyecto final\proyecto-labgrafica\practica1\practica1\debug\practica12.obj
c:\users\muser\documents\2020-2\gráfica\_proyecto final\proyecto-labgrafica\practica1\practica1\debug\shader_light.obj
c:\users\muser\documents\2020-2\gráfica\_proyecto final\proyecto-labgrafica\practica1\practica1\debug\skybox.obj
c:\users\muser\documents\2020-2\gráfica\_proyecto final\proyecto-labgrafica\practica1\practica1\debug\sphere.obj
c:\users\muser\documents\2020-2\gráfica\_proyecto final\proyecto-labgrafica\practica1\practica1\debug\spotlight.obj
c:\users\muser\documents\2020-2\gráfica\_proyecto final\proyecto-labgrafica\practica1\practica1\debug\texture.obj
c:\users\muser\documents\2020-2\gráfica\_proyecto final\proyecto-labgrafica\practica1\practica1\debug\window.obj
c:\users\muser\documents\2020-2\gráfica\_proyecto final\proyecto-labgrafica\practica1\practica1\debug\vc141.idb
c:\users\muser\documents\2020-2\gráfica\_proyecto final\proyecto-labgrafica\practica1\practica1\debug\vc141.pdb
c:\users\muser\documents\2020-2\gráfica\_proyecto final\proyecto-labgrafica\practica1\debug\practica1.pdb
c:\users\muser\documents\2020-2\gráfica\_proyecto final\proyecto-labgrafica\practica1\debug\practica1.exe
c:\users\muser\documents\2020-2\gráfica\_proyecto final\proyecto-labgrafica\practica1\debug\practica1.ilk
c:\users\muser\documents\2020-2\gráfica\_proyecto final\proyecto-labgrafica\practica1\practica1\debug\practica1.tlog\cl.command.1.tlog
c:\users\muser\documents\2020-2\gráfica\_proyecto final\proyecto-labgrafica\practica1\practica1\debug\practica1.tlog\cl.read.1.tlog
c:\users\muser\documents\2020-2\gráfica\_proyecto final\proyecto-labgrafica\practica1\practica1\debug\practica1.tlog\cl.write.1.tlog
c:\users\muser\documents\2020-2\gráfica\_proyecto final\proyecto-labgrafica\practica1\practica1\debug\practica1.tlog\link.command.1.tlog
c:\users\muser\documents\2020-2\gráfica\_proyecto final\proyecto-labgrafica\practica1\practica1\debug\practica1.tlog\link.read.1.tlog
c:\users\muser\documents\2020-2\gráfica\_proyecto final\proyecto-labgrafica\practica1\practica1\debug\practica1.tlog\link.write.1.tlog
